<?xml version="1.0" encoding="UTF-8"?>
<testsuites>
  <testsuite name="fastlane.lanes">
    
    
    
      
      <testcase classname="fastlane.lanes" name="0: default_platform" time="0.00151">
        
      </testcase>
    
      
      <testcase classname="fastlane.lanes" name="1: ionic" time="215.352383">
        
          <failure message="/Users/neil/.rvm/gems/ruby-2.3.0/gems/fastlane-2.99.1/fastlane/lib/fastlane/actions/actions_helper.rb:48:in `execute_action'&#10;/Users/neil/.rvm/gems/ruby-2.3.0/gems/fastlane-2.99.1/fastlane/lib/fastlane/runner.rb:232:in `block in execute_action'&#10;/Users/neil/.rvm/gems/ruby-2.3.0/gems/fastlane-2.99.1/fastlane/lib/fastlane/runner.rb:227:in `chdir'&#10;/Users/neil/.rvm/gems/ruby-2.3.0/gems/fastlane-2.99.1/fastlane/lib/fastlane/runner.rb:227:in `execute_action'&#10;/Users/neil/.rvm/gems/ruby-2.3.0/gems/fastlane-2.99.1/fastlane/lib/fastlane/runner.rb:157:in `trigger_action_by_name'&#10;/Users/neil/.rvm/gems/ruby-2.3.0/gems/fastlane-2.99.1/fastlane/lib/fastlane/fast_file.rb:149:in `method_missing'&#10;Fastfile:44:in `block (2 levels) in parsing_binding'&#10;/Users/neil/.rvm/gems/ruby-2.3.0/gems/fastlane-2.99.1/fastlane/lib/fastlane/lane.rb:33:in `call'&#10;/Users/neil/.rvm/gems/ruby-2.3.0/gems/fastlane-2.99.1/fastlane/lib/fastlane/runner.rb:49:in `block in execute'&#10;/Users/neil/.rvm/gems/ruby-2.3.0/gems/fastlane-2.99.1/fastlane/lib/fastlane/runner.rb:45:in `chdir'&#10;/Users/neil/.rvm/gems/ruby-2.3.0/gems/fastlane-2.99.1/fastlane/lib/fastlane/runner.rb:45:in `execute'&#10;/Users/neil/.rvm/gems/ruby-2.3.0/gems/fastlane-2.99.1/fastlane/lib/fastlane/lane_manager.rb:56:in `cruise_lane'&#10;/Users/neil/.rvm/gems/ruby-2.3.0/gems/fastlane-2.99.1/fastlane/lib/fastlane/command_line_handler.rb:36:in `handle'&#10;/Users/neil/.rvm/gems/ruby-2.3.0/gems/fastlane-2.99.1/fastlane/lib/fastlane/commands_generator.rb:108:in `block (2 levels) in run'&#10;/Users/neil/.rvm/gems/ruby-2.3.0/gems/commander-fastlane-4.4.6/lib/commander/command.rb:178:in `call'&#10;/Users/neil/.rvm/gems/ruby-2.3.0/gems/commander-fastlane-4.4.6/lib/commander/command.rb:153:in `run'&#10;/Users/neil/.rvm/gems/ruby-2.3.0/gems/commander-fastlane-4.4.6/lib/commander/runner.rb:476:in `run_active_command'&#10;/Users/neil/.rvm/gems/ruby-2.3.0/gems/fastlane-2.99.1/fastlane_core/lib/fastlane_core/ui/fastlane_runner.rb:74:in `run!'&#10;/Users/neil/.rvm/gems/ruby-2.3.0/gems/commander-fastlane-4.4.6/lib/commander/delegates.rb:15:in `run!'&#10;/Users/neil/.rvm/gems/ruby-2.3.0/gems/fastlane-2.99.1/fastlane/lib/fastlane/commands_generator.rb:333:in `run'&#10;/Users/neil/.rvm/gems/ruby-2.3.0/gems/fastlane-2.99.1/fastlane/lib/fastlane/commands_generator.rb:41:in `start'&#10;/Users/neil/.rvm/gems/ruby-2.3.0/gems/fastlane-2.99.1/fastlane/lib/fastlane/cli_tools_distributor.rb:108:in `take_off'&#10;/Users/neil/.rvm/gems/ruby-2.3.0/gems/fastlane-2.99.1/bin/fastlane:20:in `&lt;top (required)&gt;'&#10;/Users/neil/.rvm/gems/ruby-2.3.0/bin/fastlane:23:in `load'&#10;/Users/neil/.rvm/gems/ruby-2.3.0/bin/fastlane:23:in `&lt;main&gt;'&#10;/Users/neil/.rvm/gems/ruby-2.3.0/bin/ruby_executable_hooks:15:in `eval'&#10;/Users/neil/.rvm/gems/ruby-2.3.0/bin/ruby_executable_hooks:15:in `&lt;main&gt;'&#10;&#10;Exit status of command 'ionic cordova prepare android --release --device --prod' was 1 instead of 0.&#10;[2K[GRunning app-scripts build: --prod --platform android --target cordova&#10;[11:11:36]  build prod started ... &#10;[11:11:36]  clean started ... &#10;[11:11:36]  clean finished in 4 ms &#10;[11:11:36]  copy started ... &#10;Using environment 'prod'&#10;[11:11:36]  deeplinks started ... &#10;[11:11:37]  deeplinks finished in 742 ms &#10;[11:11:37]  ngc started ... &#10;[11:11:56]  ngc finished in 18.84 s &#10;[11:11:56]  preprocess started ... &#10;[11:11:56]  preprocess finished in 1 ms &#10;[11:11:56]  webpack started ... &#10;[11:12:24]  copy finished in 47.82 s &#10;[11:14:28]  webpack finished in 152.16 s &#10;[11:14:28]  uglify started ... &#10;[11:14:28]  sass started ... &#10;Without `from` option PostCSS could generate wrong source map and will not find Browserslist config. Set it to CSS file path or to `undefined` to prevent this warning.&#10;[11:14:30]  sass finished in 2.18 s &#10;[11:14:30]  cleancss started ... &#10;[11:14:32]  cleancss finished in 2.08 s &#10;[11:15:06]  uglify finished in 37.51 s &#10;[11:15:06]  postprocess started ... &#10;[11:15:06]  postprocess finished in 23 ms &#10;[11:15:06]  lint started ... &#10;[11:15:06]  build prod finished in 209.51 s &#10;[2K[G&gt; cordova prepare android&#10;[2K[GRunning command: /Users/neil/GitDevelopment/scheduler/hooks/before_prepare/increment_build_number.js /Users/neil/GitDevelopment/scheduler&#10;[2K[G&#10;[2K[GBuild number successfully incremented&#10;[2K[GUnable to load PlatformApi from platform. Error: Cannot find module '/Users/neil/GitDevelopment/scheduler/platforms/android/cordova/Api.js'&#10;[2K[G&#10;[2K[GError: Unhandled &quot;error&quot; event. (The platform &quot;android&quot; does not appear to be a valid cordova platform. It is missing API.js. android not supported.)&#10;[2K[G&#10;[2K[G[ERROR] An error occurred while running cordova prepare android (exit code 1).&#10;        &#10;[11:15:10]  lint finished in 4.02 s &#10;" />
        
      </testcase>
    
  </testsuite>
</testsuites>
